low: 551328
mid: 116888
high: 243807


no  id    low mid high max overall
==================================
0    0     2   0   1    2    low
1    1     7   5   8    8    high
2    2     3   1   0    3    low
3    3     4   2   0    4    low
4    4     1   1   0    1    mid
5    5     4   0   2    4    low
6    6     6   1   2    6    low
7    7     6   1   5    6    low
8    8     2   0   0    2    low
9    9     7   3   4    7    low
10   10    15  3   4    15   low
11   11    2   5   0    5    mid
12   12    6   3   6    6    high
13   13    12  6   2    12   low
14   14    12  2   4    12   low
15   15    4   3   4    4    high
16   16    5   4   3    5    low
17   17    7   2   1    7    low
18   18    3   1   1    3    low
19   20    0   0   1    1    high
20   21    6   2   1    6    low
21   22    14  9   2    14   low
22   23    7   2   4    7    low
23   24    6   3   3    6    low
24   25    3   0   0    3    low
25   26    16  7   5    16   low
26   27    8   5   4    8    low
27   28    13  3   3    13   low
28   30    3   1   3    3    high
29   31    13  8   8    13   low
30   33    15  8   8    15   low
31   34    18  8   15   18   low
32   35    5   3   2    5    low
33   36    14  5   5    14   low
34   37    19  11 14  19 low
35   38    5   4 4  5 low
36   39    7   4 6  7 low
37   40    2 1 3  3 high
38   41    5 1 4  5 low
39   42    10 2 7  10 low
40   43    6 2 6  6 high
41   44    13 8 4  13 low
42   45    11 6 5  11 low
43   46    4 1 2  4 low
44   47    20 7 9  20 low
45   48    5 2 0  5 low
46   49    2 1 1  2 low
47   50    7 7 0  7 mid
48   51    5 4 7  7 high
49   52    8 3 0  8 low
50   53    7 3 0  7 low
51   54    13 5 1  13 low
52   55    18 7 11  18 low
53   56    8 6 7  8 low
54   57    6 2 2  6 low
55   58    12 4 3  12 low
56   59    13 10 6  13 low
57   60    7 5 6  7 low
58   61    13 4 5  13 low
59   62    5 2 0  5 low
60   63    15 5 4  15 low
61   64    12 9 5  12 low
62   65    3 4 2  4 mid
63   66    10 4 4  10 low
64   67    4 2 3  4 low
65   68    3 4 3  4 mid
66   69    3 2 4  4 high
67   70    3 0 2  3 low
68   72    5 0 2  5 low
69   73    0 2 2  2 high
70   74    5 0 4  5 low
71   75    7 3 5  7 low
72   76    3 1 0  3 low
73   77    1 0 2  2 high
74   78    3 4 8  8 high
75   79    3 1 4  4 high
76   80    4 2 1  4 low
77   81    2 1 2  2 high
78   82    5 2 0  5 low
79   84    3 0 4  4 high
80   85    0 1 1  1 high
81   86    5 0 0  5 low
82   87    0 1 3  3 high
83   88    1 1 2  2 high
84   89    4 0 3  4 low
85   90    8 2 3  8 low
86   91    3 1 3  3 high
87   95    3 2 1  3 low
88   97    4 0 0  4 low
89   98    3 2 5  5 high
90   99    4 0 2  4 low
91   100 3 0 2  3 low
92   101 4 0 1  4 low
93   102 1 2 1  2 mid
94   103 5 0 0  5 low
95   104 3 1 4  4 high
96   105 4 1 2  4 low
97   107 5 0 3  5 low
98   108 0 0 4  4 high
99   109 3 0 0  3 low
100   110 2 0 0  2 low
101   111 7 5 3  7 low
102   112 4 2 1  4 low
103   113 4 4 4  4 high
104 115 18 2 10  18 low
105 116 6 2 2  6 low
106 117 12 7 8  12 low
107 118 7 3 2  7 low
108 119 10 4 8  10 low
109 120 10 2 5  10 low
110 121 4 2 3  4 low
111 122 12 8 5  12 low
112 123 16 5 9  16 low
113 124 10 4 10  10 high
114 125 8 8 11  11 high
115 126 10 5 2  10 low
116 127 6 0 2  6 low
117 128 7 6 3  7 low
118 129 14 5 10  14 low
119 130 11 4 2  11 low
120 131 8 4 4  8 low
121 132 13 7 12  13 low
122 133 23 5 10  23 low
123 134 5 1 6  6 high
124 136 4 0 1  4 low
125 139 11 3 7  11 low
126 140 13 6 10  13 low
127 141 2 2 1  2 mid
128 143 6 4 3  6 low
129 144 3 3 3  3 high
130 145 13 3 2  13 low
131 146 6 4 1  6 low
132 147 8 1 1  8 low
133 148 10 3 8  10 low
134 149 2 1 2  2 high
135 151 7 2 5  7 low
136 152 4 1 2  4 low
137 153 8 4 1  8 low
138 154 6 2 1  6 low
139 155 1 3 2  3 mid
140 156 4 0 1  4 low
141 157 6 2 1  6 low
142 159 1 1 2  2 high
143 160 2 3 2  3 mid
144 161 2 1 1  2 low
145 162 4 3 2  4 low
146 163 9 1 4  9 low
147 164 3 1 2  3 low
148 165 5 4 2  5 low
149 166 12 7 11  12 low
150 167 8 1 4  8 low
151 168 5 1 2  5 low
152 169 1 0 0  1 low
153 170 6 3 1  6 low
154 171 3 1 2  3 low
155 172 3 1 3  3 high
156 173 8 2 2  8 low
157 175 5 1 4  5 low
158 177 4 2 2  4 low
159 179 3 3 2  3 mid
160 180 6 1 5  6 low
161 181 1 0 3  3 high
162 182 6 3 2  6 low
163 184 2 1 2  2 high
164 185 6 5 0  6 low
165 186 8 6 2  8 low
166 187 7 2 3  7 low
167 188 18 3 4  18 low
168 189 7 4 8  8 high
169 190 6 3 5  6 low
170 192 12 8 3  12 low
171 193 3 0 1  3 low
172 194 2 2 1  2 mid
173 195 8 0 0  8 low
174 196 6 1 3  6 low
175 197 6 2 3  6 low
176 198 15 2 7  15 low
177 199 23 9 13  23 low
178 200 2 1 3  3 high
179 201 13 1 4  13 low
180 202 12 6 13  13 high
181 204 9 3 4  9 low
182 205 12 2 5  12 low
183 206 14 6 13  14 low
184 207 4 1 2  4 low
185 209 12 2 3  12 low
186 210 13 2 5  13 low
187 211 1 1 1  1 high
188 212 14 6 6  14 low
189 213 15 9 10  15 low
190 214 4 1 0  4 low
191 215 16 4 8  16 low
192 216 12 10 10  12 low
193 217 9 2 6  9 low
194 218 17 9 12  17 low
195 219 10 6 4  10 low
196 220 13 5 7  13 low
197 221 16 6 9  16 low
198 222 15 6 7  15 low
199 223 7 2 1  7 low
200 224 13 4 5  13 low
201 226 6 2 2  6 low
202 227 2 1 2  2 high
203 228 7 3 4  7 low
204 229 6 2 0  6 low
205 230 11 5 2  11 low
206 231 21 7 16  21 low
207 232 12 4 11  12 low
208 233 11 3 3  11 low
209 234 17 2 8  17 low
210 235 9 4 5  9 low
211 236 16 6 5  16 low
212 237 17 9 11  17 low
213 238 11 3 2  11 low
214 239 3 1 2  3 low
215 240 10 2 0  10 low
216 241 7 3 9  9 high
217 242 6 2 0  6 low
218 243 6 0 2  6 low
219 244 13 3 5  13 low
220 245 12 3 8  12 low
221 246 4 1 1  4 low
222 248 14 4 5  14 low
223 249 2 1 1  2 low
224 250 10 3 6  10 low
225 251 12 3 7  12 low
226 252 11 3 8  11 low
227 253 10 1 3  10 low
228 254 15 5 1  15 low
229 255 20 8 5  20 low
230 256 16 1 6  16 low
231 257 6 1 3  6 low
232 258 11 2 3  11 low
233 259 10 7 8  10 low
234 260 15 2 5  15 low
235 261 3 5 1  5 mid
236 262 8 5 2  8 low
237 264 12 2 10  12 low
238 265 3 1 1  3 low
239 266 2 2 3  3 high
240 267 2 1 1  2 low
241 268 11 1 4  11 low
242 269 5 0 0  5 low
243 271 7 0 0  7 low
244 272 3 2 2  3 low
245 273 4 2 1  4 low
246 275 5 1 4  5 low
247 276 8 2 2  8 low
248 277 2 2 5  5 high
249 278 5 1 1  5 low
250 281 3 1 1  3 low
251 282 7 0 3  7 low
252 283 5 1 0  5 low
253 284 10 4 1  10 low
254 286 17 4 7  17 low
255 287 3 0 1  3 low
256 288 8 9 2  9 mid
257 289 4 2 2  4 low
258 290 9 2 1  9 low
259 291 9 3 4  9 low
260 292 5 1 2  5 low
261 293 15 3 5  15 low
262 294 7 2 1  7 low
263 295 6 3 5  6 low
264 296 5 4 3  5 low
265 297 16 5 8  16 low
266 298 1 1 0  1 mid
267 299 1 2 0  2 mid
268 300 10 5 0  10 low
269 301 12 1 6  12 low
270 303 16 6 6  16 low
271 304 12 1 8  12 low
272 305 4 5 0  5 mid
273 307 8 4 0  8 low
274 308 10 4 4  10 low
275 309 7 1 3  7 low
276 310 4 3 2  4 low
277 312 11 2 5  11 low
278 314 6 3 4  6 low
279 315 5 1 1  5 low
280 317 11 1 2  11 low
281 318 1 0 0  1 low
282 319 4 0 1  4 low
283 320 8 3 6  8 low
284 321 7 0 4  7 low
285 322 11 0 4  11 low
286 323 6 3 5  6 low
287 324 6 4 3  6 low
288 325 7 4 2  7 low
289 326 9 0 2  9 low
290 327 4 1 3  4 low
291 329 20 7 9  20 low
292 331 9 9 10  10 high
293 332 13 9 4  13 low
294 334 19 13 7  19 low
295 335 9 2 6  9 low
296 336 12 4 3  12 low
297 337 13 5 6  13 low
298 338 19 7 9  19 low
299 339 7 3 1  7 low
300 340 15 6 6  15 low
301 341 25 9 14  25 low
302 342 12 10 4  12 low
303 343 12 4 2  12 low
304 344 15 5 5  15 low
305 345 14 5 4  14 low
306 346 6 6 5  6 mid
307 347 10 4 4  10 low
308 348 8 3 3  8 low
309 350 7 1 1  7 low
310 352 10 0 4  10 low
311 353 9 2 6  9 low
312 354 10 4 6  10 low
313 355 1 3 3  3 high
314 357 3 0 0  3 low
315 358 2 1 0  2 low
316 359 6 1 2  6 low
317 361 9 0 3  9 low
318 363 13 6 4  13 low
319 365 12 2 4  12 low
320 366 8 1 4  8 low
321 367 7 2 2  7 low
322 368 4 4 1  4 mid
323 369 2 0 1  2 low
324 370 6 0 0  6 low
325 371 7 2 0  7 low
326 372 1 1 0  1 mid
327 374 4 2 1  4 low
328 376 8 2 3  8 low
329 377 9 6 2  9 low
330 378 4 3 4  4 high
331 379 3 0 1  3 low
332 380 3 1 0  3 low
333 381 4 1 0  4 low
334 383 6 1 0  6 low
335 384 3 0 0  3 low
336 385 0 0 1  1 high
337 386 4 2 0  4 low
338 387 5 0 1  5 low
339 388 1 1 0  1 mid
340 389 3 1 1  3 low
341 391 1 0 0  1 low
342 392 4 0 0  4 low
343 393 9 1 2  9 low
344 394 4 0 0  4 low
345 395 2 1 0  2 low
346 396 6 0 0  6 low
347 397 2 0 1  2 low
348 398 14 4 7  14 low
349 399 9 3 5  9 low
350 400 4 1 1  4 low
351 401 4 1 1  4 low
352 402 4 2 2  4 low
353 403 6 2 2  6 low
354 404 3 3 4  4 high
355 406 10 5 6  10 low
356 407 4 3 1  4 low
357 408 13 5 6  13 low
358 409 4 3 5  5 high
359 410 12 2 6  12 low
360 411 16 3 4  16 low
361 412 3 3 1  3 mid
362 413 12 5 8  12 low
363 414 8 4 10  10 high
364 415 16 7 5  16 low
365 416 6 1 1  6 low
366 417 7 2 7  7 high
367 418 5 4 0  5 low
368 420 12 6 6  12 low
369 422 3 0 1  3 low
370 423 3 0 1  3 low
371 424 7 5 4  7 low
372 426 1 1 1  1 high
373 427 4 3 5  5 high
374 428 3 1 2  3 low
375 429 3 0 1  3 low
376 430 0 0 3  3 high
377 431 2 2 1  2 mid
378 432 2 0 1  2 low
379 433 2 1 0  2 low
380 434 4 1 1  4 low
381 435 4 2 2  4 low
382 436 11 5 5  11 low
383 437 10 5 4  10 low
384 438 2 2 0  2 mid
385 440 5 0 1  5 low
386 441 7 2 6  7 low
387 442 6 1 2  6 low
388 445 6 2 9  9 high
389 446 5 1 4  5 low
390 447 7 2 3  7 low
391 448 15 2 7  15 low
392 449 6 0 2  6 low
393 450 3 1 1  3 low
394 451 3 2 0  3 low
395 452 3 1 0  3 low
396 453 7 1 2  7 low
397 454 4 3 1  4 low
398 455 13 5 11  13 low
399 456 14 6 6  14 low
400 457 1 0 0  1 low
401 458 9 6 4  9 low
402 459 7 1 3  7 low
403 460 14 4 1  14 low
404 461 7 3 7  7 high
405 462 3 2 1  3 low
406 464 9 2 1  9 low
407 465 6 3 11  11 high
408 466 9 2 2  9 low
409 467 3 1 0  3 low
410 468 12 3 6  12 low
411 469 17 5 5  17 low
412 470 7 1 1  7 low
413 471 11 5 9  11 low
414 472 7 7 0  7 mid
415 473 6 3 5  6 low
416 474 10 3 6  10 low
417 475 15 9 10  15 low
418 476 7 5 10  10 high
419 477 15 3 4  15 low
420 479 5 2 2  5 low
421 480 7 3 2  7 low
422 481 3 1 1  3 low
423 483 10 1 1  10 low
424 484 6 1 3  6 low
425 485 6 0 2  6 low
426 486 6 2 1  6 low
427 487 5 3 2  5 low
428 491 8 3 4  8 low
429 492 4 2 2  4 low
430 493 12 6 6  12 low
431 494 1 0 1  1 high
432 495 5 2 8  8 high
433 496 6 0 2  6 low
434 497 5 0 0  5 low
435 498 8 4 5  8 low
436 499 9 1 0  9 low
437 500 4 5 3  5 mid
438 501 9 0 2  9 low
439 502 4 3 1  4 low
440 504 1 1 2  2 high
441 505 3 1 0  3 low
442 506 9 2 2  9 low
443 508 6 3 3  6 low
444 509 2 0 3  3 high
445 510 5 0 0  5 low
446 511 27 8 18  27 low
447 512 11 3 5  11 low
448 514 11 2 3  11 low
449 515 5 2 1  5 low
450 516 2 1 2  2 high
451 517 4 1 0  4 low
452 518 3 2 1  3 low
453 519 7 0 2  7 low